This is pdfTeX, Version 3.141592653-2.6-1.40.22 (TeX Live 2022/dev/Debian) (preloaded format=pdflatex 2024.8.6)  26 APR 2025 18:41
entering extended mode
 restricted \write18 enabled.
 %&-line parsing enabled.
**spec.tex
(./spec.tex
LaTeX2e <2021-11-15> patch level 1
L3 programming layer <2022-01-21>
(/usr/share/texlive/texmf-dist/tex/latex/base/article.cls
Document Class: article 2021/10/04 v1.4n Standard LaTeX document class
(/usr/share/texlive/texmf-dist/tex/latex/base/size12.clo
File: size12.clo 2021/10/04 v1.4n Standard LaTeX file (size option)
)
\c@part=\count185
\c@section=\count186
\c@subsection=\count187
\c@subsubsection=\count188
\c@paragraph=\count189
\c@subparagraph=\count190
\c@figure=\count191
\c@table=\count192
\abovecaptionskip=\skip47
\belowcaptionskip=\skip48
\bibindent=\dimen138
)
(/usr/share/texlive/texmf-dist/tex/latex/amsmath/amsmath.sty
Package: amsmath 2021/10/15 v2.17l AMS math features
\@mathmargin=\skip49

For additional information on amsmath, use the `?' option.
(/usr/share/texlive/texmf-dist/tex/latex/amsmath/amstext.sty
Package: amstext 2021/08/26 v2.01 AMS text

(/usr/share/texlive/texmf-dist/tex/latex/amsmath/amsgen.sty
File: amsgen.sty 1999/11/30 v2.0 generic functions
\@emptytoks=\toks16
\ex@=\dimen139
))
(/usr/share/texlive/texmf-dist/tex/latex/amsmath/amsbsy.sty
Package: amsbsy 1999/11/29 v1.2d Bold Symbols
\pmbraise@=\dimen140
)
(/usr/share/texlive/texmf-dist/tex/latex/amsmath/amsopn.sty
Package: amsopn 2021/08/26 v2.02 operator names
)
\inf@bad=\count193
LaTeX Info: Redefining \frac on input line 234.
\uproot@=\count194
\leftroot@=\count195
LaTeX Info: Redefining \overline on input line 399.
\classnum@=\count196
\DOTSCASE@=\count197
LaTeX Info: Redefining \ldots on input line 496.
LaTeX Info: Redefining \dots on input line 499.
LaTeX Info: Redefining \cdots on input line 620.
\Mathstrutbox@=\box50
\strutbox@=\box51
\big@size=\dimen141
LaTeX Font Info:    Redeclaring font encoding OML on input line 743.
LaTeX Font Info:    Redeclaring font encoding OMS on input line 744.
\macc@depth=\count198
\c@MaxMatrixCols=\count199
\dotsspace@=\muskip16
\c@parentequation=\count266
\dspbrk@lvl=\count267
\tag@help=\toks17
\row@=\count268
\column@=\count269
\maxfields@=\count270
\andhelp@=\toks18
\eqnshift@=\dimen142
\alignsep@=\dimen143
\tagshift@=\dimen144
\tagwidth@=\dimen145
\totwidth@=\dimen146
\lineht@=\dimen147
\@envbody=\toks19
\multlinegap=\skip50
\multlinetaggap=\skip51
\mathdisplay@stack=\toks20
LaTeX Info: Redefining \[ on input line 2938.
LaTeX Info: Redefining \] on input line 2939.
)
(/usr/share/texlive/texmf-dist/tex/latex/hyperref/hyperref.sty
Package: hyperref 2021-06-07 v7.00m Hypertext links for LaTeX

(/usr/share/texlive/texmf-dist/tex/generic/ltxcmds/ltxcmds.sty
Package: ltxcmds 2020-05-10 v1.25 LaTeX kernel commands for general use (HO)
)
(/usr/share/texlive/texmf-dist/tex/generic/iftex/iftex.sty
Package: iftex 2020/03/06 v1.0d TeX engine tests
)
(/usr/share/texlive/texmf-dist/tex/generic/pdftexcmds/pdftexcmds.sty
Package: pdftexcmds 2020-06-27 v0.33 Utility functions of pdfTeX for LuaTeX (HO
)

(/usr/share/texlive/texmf-dist/tex/generic/infwarerr/infwarerr.sty
Package: infwarerr 2019/12/03 v1.5 Providing info/warning/error messages (HO)
)
Package pdftexcmds Info: \pdf@primitive is available.
Package pdftexcmds Info: \pdf@ifprimitive is available.
Package pdftexcmds Info: \pdfdraftmode found.
)
(/usr/share/texlive/texmf-dist/tex/latex/graphics/keyval.sty
Package: keyval 2014/10/28 v1.15 key=value parser (DPC)
\KV@toks@=\toks21
)
(/usr/share/texlive/texmf-dist/tex/generic/kvsetkeys/kvsetkeys.sty
Package: kvsetkeys 2019/12/15 v1.18 Key value parser (HO)
)
(/usr/share/texlive/texmf-dist/tex/generic/kvdefinekeys/kvdefinekeys.sty
Package: kvdefinekeys 2019-12-19 v1.6 Define keys (HO)
)
(/usr/share/texlive/texmf-dist/tex/generic/pdfescape/pdfescape.sty
Package: pdfescape 2019/12/09 v1.15 Implements pdfTeX's escape features (HO)
)
(/usr/share/texlive/texmf-dist/tex/latex/hycolor/hycolor.sty
Package: hycolor 2020-01-27 v1.10 Color options for hyperref/bookmark (HO)
)
(/usr/share/texlive/texmf-dist/tex/latex/letltxmacro/letltxmacro.sty
Package: letltxmacro 2019/12/03 v1.6 Let assignment for LaTeX macros (HO)
)
(/usr/share/texlive/texmf-dist/tex/latex/auxhook/auxhook.sty
Package: auxhook 2019-12-17 v1.6 Hooks for auxiliary files (HO)
)
(/usr/share/texlive/texmf-dist/tex/latex/kvoptions/kvoptions.sty
Package: kvoptions 2020-10-07 v3.14 Key value format for package options (HO)
)
\@linkdim=\dimen148
\Hy@linkcounter=\count271
\Hy@pagecounter=\count272

(/usr/share/texlive/texmf-dist/tex/latex/hyperref/pd1enc.def
File: pd1enc.def 2021-06-07 v7.00m Hyperref: PDFDocEncoding definition (HO)
Now handling font encoding PD1 ...
... no UTF-8 mapping file for font encoding PD1
)
(/usr/share/texlive/texmf-dist/tex/latex/hyperref/hyperref-langpatches.def
File: hyperref-langpatches.def 2021-06-07 v7.00m Hyperref: patches for babel la
nguages
)
(/usr/share/texlive/texmf-dist/tex/generic/intcalc/intcalc.sty
Package: intcalc 2019/12/15 v1.3 Expandable calculations with integers (HO)
)
(/usr/share/texlive/texmf-dist/tex/generic/etexcmds/etexcmds.sty
Package: etexcmds 2019/12/15 v1.7 Avoid name clashes with e-TeX commands (HO)
)
\Hy@SavedSpaceFactor=\count273

(/usr/share/texlive/texmf-dist/tex/latex/hyperref/puenc.def
File: puenc.def 2021-06-07 v7.00m Hyperref: PDF Unicode definition (HO)
Now handling font encoding PU ...
... no UTF-8 mapping file for font encoding PU
)
Package hyperref Info: Hyper figures OFF on input line 4192.
Package hyperref Info: Link nesting OFF on input line 4197.
Package hyperref Info: Hyper index ON on input line 4200.
Package hyperref Info: Plain pages OFF on input line 4207.
Package hyperref Info: Backreferencing OFF on input line 4212.
Package hyperref Info: Implicit mode ON; LaTeX internals redefined.
Package hyperref Info: Bookmarks ON on input line 4445.
\c@Hy@tempcnt=\count274

(/usr/share/texlive/texmf-dist/tex/latex/url/url.sty
\Urlmuskip=\muskip17
Package: url 2013/09/16  ver 3.4  Verb mode for urls, etc.
)
LaTeX Info: Redefining \url on input line 4804.
\XeTeXLinkMargin=\dimen149

(/usr/share/texlive/texmf-dist/tex/generic/bitset/bitset.sty
Package: bitset 2019/12/09 v1.3 Handle bit-vector datatype (HO)

(/usr/share/texlive/texmf-dist/tex/generic/bigintcalc/bigintcalc.sty
Package: bigintcalc 2019/12/15 v1.5 Expandable calculations on big integers (HO
)
))
\Fld@menulength=\count275
\Field@Width=\dimen150
\Fld@charsize=\dimen151
Package hyperref Info: Hyper figures OFF on input line 6076.
Package hyperref Info: Link nesting OFF on input line 6081.
Package hyperref Info: Hyper index ON on input line 6084.
Package hyperref Info: backreferencing OFF on input line 6091.
Package hyperref Info: Link coloring OFF on input line 6096.
Package hyperref Info: Link coloring with OCG OFF on input line 6101.
Package hyperref Info: PDF/A mode OFF on input line 6106.
LaTeX Info: Redefining \ref on input line 6146.
LaTeX Info: Redefining \pageref on input line 6150.

(/usr/share/texlive/texmf-dist/tex/latex/base/atbegshi-ltx.sty
Package: atbegshi-ltx 2021/01/10 v1.0c Emulation of the original atbegshi
package with kernel methods
)
\Hy@abspage=\count276
\c@Item=\count277
\c@Hfootnote=\count278
)
Package hyperref Info: Driver (autodetected): hpdftex.

(/usr/share/texlive/texmf-dist/tex/latex/hyperref/hpdftex.def
File: hpdftex.def 2021-06-07 v7.00m Hyperref driver for pdfTeX

(/usr/share/texlive/texmf-dist/tex/latex/base/atveryend-ltx.sty
Package: atveryend-ltx 2020/08/19 v1.0a Emulation of the original atveryend pac
kage
with kernel methods
)
\Fld@listcount=\count279
\c@bookmark@seq@number=\count280

(/usr/share/texlive/texmf-dist/tex/latex/rerunfilecheck/rerunfilecheck.sty
Package: rerunfilecheck 2019/12/05 v1.9 Rerun checks for auxiliary files (HO)

(/usr/share/texlive/texmf-dist/tex/generic/uniquecounter/uniquecounter.sty
Package: uniquecounter 2019/12/15 v1.4 Provide unlimited unique counter (HO)
)
Package uniquecounter Info: New unique counter `rerunfilecheck' on input line 2
86.
)
\Hy@SectionHShift=\skip52
)
(/usr/share/texlive/texmf-dist/tex/latex/graphics/graphicx.sty
Package: graphicx 2021/09/16 v1.2d Enhanced LaTeX Graphics (DPC,SPQR)

(/usr/share/texlive/texmf-dist/tex/latex/graphics/graphics.sty
Package: graphics 2021/03/04 v1.4d Standard LaTeX Graphics (DPC,SPQR)

(/usr/share/texlive/texmf-dist/tex/latex/graphics/trig.sty
Package: trig 2021/08/11 v1.11 sin cos tan (DPC)
)
(/usr/share/texlive/texmf-dist/tex/latex/graphics-cfg/graphics.cfg
File: graphics.cfg 2016/06/04 v1.11 sample graphics configuration
)
Package graphics Info: Driver file: pdftex.def on input line 107.

(/usr/share/texlive/texmf-dist/tex/latex/graphics-def/pdftex.def
File: pdftex.def 2020/10/05 v1.2a Graphics/color driver for pdftex
))
\Gin@req@height=\dimen152
\Gin@req@width=\dimen153
)
(/usr/share/texlive/texmf-dist/tex/latex/float/float.sty
Package: float 2001/11/08 v1.3d Float enhancements (AL)
\c@float@type=\count281
\float@exts=\toks22
\float@box=\box52
\@float@everytoks=\toks23
\@floatcapt=\box53
)
(/usr/share/texlive/texmf-dist/tex/latex/caption/subcaption.sty
Package: subcaption 2020/10/07 v1.3j Sub-captions (AR)

(/usr/share/texlive/texmf-dist/tex/latex/caption/caption.sty
Package: caption 2020/10/26 v3.5g Customizing captions (AR)

(/usr/share/texlive/texmf-dist/tex/latex/caption/caption3.sty
Package: caption3 2020/10/21 v2.2e caption3 kernel (AR)
\captionmargin=\dimen154
\captionmargin@=\dimen155
\captionwidth=\dimen156
\caption@tempdima=\dimen157
\caption@indent=\dimen158
\caption@parindent=\dimen159
\caption@hangindent=\dimen160
Package caption Info: Standard document class detected.
)
\c@caption@flags=\count282
\c@continuedfloat=\count283
Package caption Info: float package is loaded.
Package caption Info: hyperref package is loaded.
)
\c@subfigure=\count284
\c@subtable=\count285
)
(/usr/share/texlive/texmf-dist/tex/latex/listings/listings.sty
\lst@mode=\count286
\lst@gtempboxa=\box54
\lst@token=\toks24
\lst@length=\count287
\lst@currlwidth=\dimen161
\lst@column=\count288
\lst@pos=\count289
\lst@lostspace=\dimen162
\lst@width=\dimen163
\lst@newlines=\count290
\lst@lineno=\count291
\lst@maxwidth=\dimen164

(/usr/share/texlive/texmf-dist/tex/latex/listings/lstmisc.sty
File: lstmisc.sty 2020/03/24 1.8d (Carsten Heinz)
\c@lstnumber=\count292
\lst@skipnumbers=\count293
\lst@framebox=\box55
)
(/usr/share/texlive/texmf-dist/tex/latex/listings/listings.cfg
File: listings.cfg 2020/03/24 1.8d listings configuration
))
Package: listings 2020/03/24 1.8d (Carsten Heinz)

(/usr/share/texlive/texmf-dist/tex/latex/l3backend/l3backend-pdftex.def
File: l3backend-pdftex.def 2022-01-12 L3 backend support: PDF output (pdfTeX)
\l__color_backend_stack_int=\count294
\l__pdf_internal_box=\box56
)
No file spec.aux.
\openout1 = `spec.aux'.

LaTeX Font Info:    Checking defaults for OML/cmm/m/it on input line 9.
LaTeX Font Info:    ... okay on input line 9.
LaTeX Font Info:    Checking defaults for OMS/cmsy/m/n on input line 9.
LaTeX Font Info:    ... okay on input line 9.
LaTeX Font Info:    Checking defaults for OT1/cmr/m/n on input line 9.
LaTeX Font Info:    ... okay on input line 9.
LaTeX Font Info:    Checking defaults for T1/cmr/m/n on input line 9.
LaTeX Font Info:    ... okay on input line 9.
LaTeX Font Info:    Checking defaults for TS1/cmr/m/n on input line 9.
LaTeX Font Info:    ... okay on input line 9.
LaTeX Font Info:    Checking defaults for OMX/cmex/m/n on input line 9.
LaTeX Font Info:    ... okay on input line 9.
LaTeX Font Info:    Checking defaults for U/cmr/m/n on input line 9.
LaTeX Font Info:    ... okay on input line 9.
LaTeX Font Info:    Checking defaults for PD1/pdf/m/n on input line 9.
LaTeX Font Info:    ... okay on input line 9.
LaTeX Font Info:    Checking defaults for PU/pdf/m/n on input line 9.
LaTeX Font Info:    ... okay on input line 9.
Package hyperref Info: Link coloring OFF on input line 9.
(/usr/share/texlive/texmf-dist/tex/latex/hyperref/nameref.sty
Package: nameref 2021-04-02 v2.47 Cross-referencing by name of section

(/usr/share/texlive/texmf-dist/tex/latex/refcount/refcount.sty
Package: refcount 2019/12/15 v3.6 Data extraction from label references (HO)
)
(/usr/share/texlive/texmf-dist/tex/generic/gettitlestring/gettitlestring.sty
Package: gettitlestring 2019/12/15 v1.6 Cleanup title references (HO)
)
\c@section@level=\count295
)
LaTeX Info: Redefining \ref on input line 9.
LaTeX Info: Redefining \pageref on input line 9.
LaTeX Info: Redefining \nameref on input line 9.
\@outlinefile=\write3
\openout3 = `spec.out'.


(/usr/share/texlive/texmf-dist/tex/context/base/mkii/supp-pdf.mkii
[Loading MPS to PDF converter (version 2006.09.02).]
\scratchcounter=\count296
\scratchdimen=\dimen165
\scratchbox=\box57
\nofMPsegments=\count297
\nofMParguments=\count298
\everyMPshowfont=\toks25
\MPscratchCnt=\count299
\MPscratchDim=\dimen166
\MPnumerator=\count300
\makeMPintoPDFobject=\count301
\everyMPtoPDFconversion=\toks26
) (/usr/share/texlive/texmf-dist/tex/latex/epstopdf-pkg/epstopdf-base.sty
Package: epstopdf-base 2020-01-24 v2.11 Base part for package epstopdf
Package epstopdf-base Info: Redefining graphics rule for `.eps' on input line 4
85.

(/usr/share/texlive/texmf-dist/tex/latex/latexconfig/epstopdf-sys.cfg
File: epstopdf-sys.cfg 2010/07/13 v1.3 Configuration of (r)epstopdf for TeX Liv
e
))
Package caption Info: Begin \AtBeginDocument code.
Package caption Info: listings package is loaded.
Package caption Info: End \AtBeginDocument code.
\c@lstlisting=\count302
<figs/sin1.png, id=4, 867.24pt x 433.62pt>
File: figs/sin1.png Graphic file (type png)
<use figs/sin1.png>
Package pdftex.def Info: figs/sin1.png  used on input line 22.
(pdftex.def)             Requested size: 284.52274pt x 142.26378pt.

Overfull \hbox (89.52274pt too wide) in paragraph at lines 22--23
 [][] 
 []

<figs/sin2.png, id=6, 867.24pt x 433.62pt>
File: figs/sin2.png Graphic file (type png)
<use figs/sin2.png>
Package pdftex.def Info: figs/sin2.png  used on input line 26.
(pdftex.def)             Requested size: 284.52274pt x 142.26378pt.

Overfull \hbox (89.52274pt too wide) in paragraph at lines 26--27
 [][] 
 []

<figs/sin3.png, id=7, 867.24pt x 433.62pt>
File: figs/sin3.png Graphic file (type png)
<use figs/sin3.png>
Package pdftex.def Info: figs/sin3.png  used on input line 30.
(pdftex.def)             Requested size: 284.52274pt x 142.26378pt.

Overfull \hbox (89.52274pt too wide) in paragraph at lines 30--31
 [][] 
 []

<figs/Analysis0.png, id=8, 505.89pt x 361.35pt>
File: figs/Analysis0.png Graphic file (type png)
<use figs/Analysis0.png>
Package pdftex.def Info: figs/Analysis0.png  used on input line 37.
(pdftex.def)             Requested size: 199.17207pt x 142.26378pt.

Overfull \hbox (4.17207pt too wide) in paragraph at lines 37--38
 [][] 
 []

<figs/Analysis1.png, id=9, 505.89pt x 361.35pt>
File: figs/Analysis1.png Graphic file (type png)
<use figs/Analysis1.png>
Package pdftex.def Info: figs/Analysis1.png  used on input line 41.
(pdftex.def)             Requested size: 199.17207pt x 142.26378pt.

Overfull \hbox (4.17207pt too wide) in paragraph at lines 41--42
 [][] 
 []

[1

{/var/lib/texmf/fonts/map/pdftex/updmap/pdftex.map} <./figs/sin1.png> <./figs/s
in2.png> <./figs/sin3.png>]
<figs/alg1.png, id=25, 867.24pt x 433.62pt>
File: figs/alg1.png Graphic file (type png)
<use figs/alg1.png>
Package pdftex.def Info: figs/alg1.png  used on input line 51.
(pdftex.def)             Requested size: 284.52274pt x 142.26378pt.

Overfull \hbox (89.52274pt too wide) in paragraph at lines 51--52
 [][] 
 []

<figs/alg2.png, id=26, 867.24pt x 433.62pt>
File: figs/alg2.png Graphic file (type png)
<use figs/alg2.png>
Package pdftex.def Info: figs/alg2.png  used on input line 55.
(pdftex.def)             Requested size: 284.52274pt x 142.26378pt.

Overfull \hbox (89.52274pt too wide) in paragraph at lines 55--56
 [][] 
 []

<figs/alg3.png, id=27, 867.24pt x 433.62pt>
File: figs/alg3.png Graphic file (type png)
<use figs/alg3.png>
Package pdftex.def Info: figs/alg3.png  used on input line 59.
(pdftex.def)             Requested size: 284.52274pt x 142.26378pt.

Overfull \hbox (89.52274pt too wide) in paragraph at lines 59--60
 [][] 
 []

<figs/Analysis2.png, id=28, 505.89pt x 361.35pt>
File: figs/Analysis2.png Graphic file (type png)
<use figs/Analysis2.png>
Package pdftex.def Info: figs/Analysis2.png  used on input line 66.
(pdftex.def)             Requested size: 199.17207pt x 142.26378pt.

Overfull \hbox (4.17207pt too wide) in paragraph at lines 66--67
 [][] 
 []

<figs/Analysis3.png, id=29, 505.89pt x 361.35pt>
File: figs/Analysis3.png Graphic file (type png)
<use figs/Analysis3.png>
Package pdftex.def Info: figs/Analysis3.png  used on input line 70.
(pdftex.def)             Requested size: 199.17207pt x 142.26378pt.

Overfull \hbox (4.17207pt too wide) in paragraph at lines 70--71
 [][] 
 []

[2 <./figs/Analysis0.png> <./figs/Analysis1.png> <./figs/alg1.png> <./figs/alg2
.png> <./figs/alg3.png>]
<figs/exp1.png, id=42, 867.24pt x 433.62pt>
File: figs/exp1.png Graphic file (type png)
<use figs/exp1.png>
Package pdftex.def Info: figs/exp1.png  used on input line 79.
(pdftex.def)             Requested size: 284.52274pt x 142.26378pt.

Overfull \hbox (89.52274pt too wide) in paragraph at lines 79--80
 [][] 
 []

<figs/exp2.png, id=43, 867.24pt x 433.62pt>
File: figs/exp2.png Graphic file (type png)
<use figs/exp2.png>
Package pdftex.def Info: figs/exp2.png  used on input line 83.
(pdftex.def)             Requested size: 284.52274pt x 142.26378pt.

Overfull \hbox (89.52274pt too wide) in paragraph at lines 83--84
 [][] 
 []

<figs/exp3.png, id=44, 867.24pt x 433.62pt>
File: figs/exp3.png Graphic file (type png)
<use figs/exp3.png>
Package pdftex.def Info: figs/exp3.png  used on input line 87.
(pdftex.def)             Requested size: 284.52274pt x 142.26378pt.

Overfull \hbox (89.52274pt too wide) in paragraph at lines 87--88
 [][] 
 []

<figs/Analysis4.png, id=45, 505.89pt x 361.35pt>
File: figs/Analysis4.png Graphic file (type png)
<use figs/Analysis4.png>
Package pdftex.def Info: figs/Analysis4.png  used on input line 94.
(pdftex.def)             Requested size: 199.17207pt x 142.26378pt.

Overfull \hbox (4.17207pt too wide) in paragraph at lines 94--95
 [][] 
 []

<figs/Analysis5.png, id=46, 505.89pt x 361.35pt>
File: figs/Analysis5.png Graphic file (type png)
<use figs/Analysis5.png>
Package pdftex.def Info: figs/Analysis5.png  used on input line 98.
(pdftex.def)             Requested size: 199.17207pt x 142.26378pt.

Overfull \hbox (4.17207pt too wide) in paragraph at lines 98--99
 [][] 
 []

[3 <./figs/Analysis2.png> <./figs/Analysis3.png> <./figs/exp1.png> <./figs/exp2
.png> <./figs/exp3.png>]
<figs/Analysis6.png, id=59, 505.89pt x 361.35pt>
File: figs/Analysis6.png Graphic file (type png)
<use figs/Analysis6.png>
Package pdftex.def Info: figs/Analysis6.png  used on input line 107.
(pdftex.def)             Requested size: 199.17207pt x 142.26378pt.

Overfull \hbox (4.17207pt too wide) in paragraph at lines 107--108
 [][] 
 []

<figs/Analysis7.png, id=60, 505.89pt x 361.35pt>
File: figs/Analysis7.png Graphic file (type png)
<use figs/Analysis7.png>
Package pdftex.def Info: figs/Analysis7.png  used on input line 111.
(pdftex.def)             Requested size: 199.17207pt x 142.26378pt.

Overfull \hbox (4.17207pt too wide) in paragraph at lines 111--112
 [][] 
 []

<figs/Analysis8.png, id=61, 505.89pt x 361.35pt>
File: figs/Analysis8.png Graphic file (type png)
<use figs/Analysis8.png>
Package pdftex.def Info: figs/Analysis8.png  used on input line 120.
(pdftex.def)             Requested size: 199.17207pt x 142.26378pt.

Overfull \hbox (4.17207pt too wide) in paragraph at lines 120--121
 [][] 
 []

<figs/Analysis9.png, id=62, 505.89pt x 361.35pt>
File: figs/Analysis9.png Graphic file (type png)
<use figs/Analysis9.png>
Package pdftex.def Info: figs/Analysis9.png  used on input line 124.
(pdftex.def)             Requested size: 199.17207pt x 142.26378pt.

Overfull \hbox (4.17207pt too wide) in paragraph at lines 124--125
 [][] 
 []

[4 <./figs/Analysis4.png> <./figs/Analysis5.png> <./figs/Analysis6.png> <./figs
/Analysis7.png> <./figs/Analysis8.png> <./figs/Analysis9.png>] [5] (./spec.aux)

Package rerunfilecheck Warning: File `spec.out' has changed.
(rerunfilecheck)                Rerun to get outlines right
(rerunfilecheck)                or use package `bookmark'.

Package rerunfilecheck Info: Checksums for `spec.out':
(rerunfilecheck)             Before: <no file>
(rerunfilecheck)             After:  D41D8CD98F00B204E9800998ECF8427E;0.
 ) 
Here is how much of TeX's memory you used:
 11656 strings out of 478287
 186279 string characters out of 5849290
 470369 words of memory out of 5000000
 29704 multiletter control sequences out of 15000+600000
 476084 words of font info for 52 fonts, out of 8000000 for 9000
 1141 hyphenation exceptions out of 8191
 67i,8n,77p,300b,411s stack positions out of 5000i,500n,10000p,200000b,80000s
</usr/share/texlive/texmf-dist/fonts/type1/public/amsfonts/cm/cmbx12.pfb></us
r/share/texlive/texmf-dist/fonts/type1/public/amsfonts/cm/cmmi12.pfb></usr/shar
e/texlive/texmf-dist/fonts/type1/public/amsfonts/cm/cmr12.pfb></usr/share/texli
ve/texmf-dist/fonts/type1/public/amsfonts/cm/cmr17.pfb>
Output written on spec.pdf (5 pages, 934199 bytes).
PDF statistics:
 106 PDF objects out of 1000 (max. 8388607)
 52 compressed objects within 1 object stream
 20 named destinations out of 1000 (max. 500000)
 96 words of extra memory for PDF output out of 10000 (max. 10000000)

